2024-10-01 19:22:13,902 - Note added: Generator: jayesh
Title: python
Content: python is interepreted language

2024-10-02 05:47:20,622 - Note added: Generator: 555
Title: sdf
Content: s

2024-10-02 05:47:56,757 - Invalid input for generator name
2024-10-02 05:55:57,029 - Invalid input for generator name
2024-10-02 06:04:54,794 - Note added: 
E-Note Title : patel
E-Note Description : hello
					 Note Generator: jayesh

2024-10-02 06:05:37,303 - Note added: 
E-Note Title : s
E-Note Description : s
			 Note Generator: s

2024-10-02 06:06:18,375 - 
E-Note Title : s
E-Note Description : d
			 Note Generator: a

2024-10-02 06:12:06,615  
E-Note Title : jayesh
E-Note Description : jayesh
			 Note Generator: jayesh

2024-10-02 06:15:23,785  
E-Note Title : patel
E-Note Description : 5
			 Note Generator : jayesh

2024-10-02 06:16:30,283  
E-Note Title : j
E-Note Description : j
			 Note Generator : jayesh

2024-10-02 06:16:56,464  
E-Note Title : j
E-Note Description : j
			 Note Generator : j

2024-10-02 06:30:54,378  Viewed notes
2024-10-02 06:34:21,844  
E-Note Title : a
E-Note Description : a
			 Note Generator : python -u "c:\Users\jayes\Documents\Tops\Tops\Python\Assessment\01.Collections, Functions And Modules In Python\01. E-Note Book Console based  application.py"

2024-10-02 06:40:45,355  
E-Note Title : j
E-Note Description : j
			 Note Generator : j

2024-10-02 06:41:25,041  
E-Note Title : j
E-Note Description : j
			 Note Generator : j

2024-10-02 06:41:32,943  Viewed notes
2024-10-02 07:08:55,643  
Invalid input for generator name
2024-10-02 07:10:19,154  
Invalid input for generator name
2024-10-02 07:12:31,310  
E-Note Title : python -u "c:\Users\jayes\Documents\Tops\Tops\Python\Assessment\01.Collections, Functions And Modules In Python\ENote_Book_Module.py"
E-Note Description : 1
			 Note Generator : 5

2024-10-02 07:12:32,707  Viewed notes
2024-10-02 07:26:55,589  --------------------------------------------------
2024-10-02 07:26:58,539  
Invalid input for generator name
2024-10-02 07:26:59,537  --------------------------------------------------
2024-10-02 07:27:03,736  
E-Note Title : s
E-Note Description : s
			 Note Generator : jayesh

2024-10-02 08:08:46,353  --------------------------------------------------
2024-10-02 08:08:51,484  
E-Note Title : hahah
E-Note Description : hhsh
			 Note Generator : jayehs

2024-10-02 08:11:31,773  
Invalid input for generator name
2024-10-02 09:32:57,732  
E-Note Title : maths
E-Note Description : maths is a logical subject.
			 Note Generator : Disha

2024-10-02 09:32:59,401  
Viewed notes
